public class swap1 {
    //@ ensures \result ==> (\byte x = 5; \byte result = (byte) (x + 248); result == -3);
    public static boolean f() {
        byte x = 5;
        byte result = (byte) (x + 248);
        return result == -3;
    }
}
/home/max/Documents/JMLGPT/tmp/swap1.java:2: error: This backslash token is unknown: \byte
    //@ ensures \result ==> (\byte x = 5; \byte result = (byte) (x + 248); result == -3);
                             ^
/home/max/Documents/JMLGPT/tmp/swap1.java:2: error: This backslash token is unknown: \byte
    //@ ensures \result ==> (\byte x = 5; \byte result = (byte) (x + 248); result == -3);
                                          ^
/home/max/Documents/JMLGPT/tmp/swap1.java:2: error: illegal start of type
    //@ ensures \result ==> (\byte x = 5; \byte result = (byte) (x + 248); result == -3);
                                                       ^
/home/max/Documents/JMLGPT/tmp/swap1.java:2: error: <identifier> expected
    //@ ensures \result ==> (\byte x = 5; \byte result = (byte) (x + 248); result == -3);
                                                                                 ^
4 errors

public class swap1 {
    //@ ensures \result ==> (byte x = 5; byte result = (byte) (x + 248); result == -3);
    public static boolean f() {
        byte x = 5;
        byte result = (byte) (x + 248);
        return result == -3;
    }
}
/home/max/Documents/JMLGPT/tmp/swap1.java:2: error: ',', ')', or '[' expected
    //@ ensures \result ==> (byte x = 5; byte result = (byte) (x + 248); result == -3);
                                   ^
/home/max/Documents/JMLGPT/tmp/swap1.java:2: error: illegal start of expression
    //@ ensures \result ==> (byte x = 5; byte result = (byte) (x + 248); result == -3);
                                    ^
/home/max/Documents/JMLGPT/tmp/swap1.java:2: error: Method specs may not precede a variable declaration
    //@ ensures \result ==> (byte x = 5; byte result = (byte) (x + 248); result == -3);
                                              ^
/home/max/Documents/JMLGPT/tmp/swap1.java:2: error: <identifier> expected
    //@ ensures \result ==> (byte x = 5; byte result = (byte) (x + 248); result == -3);
                                                                               ^
4 errors

public class swap1 {
    //@ ensures \result ==> (byte x = 5; byte result = (byte) (x + 248); result == -3);
    public static boolean f() {
        byte x = 5;
        byte result = (byte) (x + 248);
        return result == -3;
    }
}
/home/max/Documents/JMLGPT/tmp/swap1.java:2: error: ',', ')', or '[' expected
    //@ ensures \result ==> (byte x = 5; byte result = (byte) (x + 248); result == -3);
                                   ^
/home/max/Documents/JMLGPT/tmp/swap1.java:2: error: illegal start of expression
    //@ ensures \result ==> (byte x = 5; byte result = (byte) (x + 248); result == -3);
                                    ^
/home/max/Documents/JMLGPT/tmp/swap1.java:2: error: Method specs may not precede a variable declaration
    //@ ensures \result ==> (byte x = 5; byte result = (byte) (x + 248); result == -3);
                                              ^
/home/max/Documents/JMLGPT/tmp/swap1.java:2: error: <identifier> expected
    //@ ensures \result ==> (byte x = 5; byte result = (byte) (x + 248); result == -3);
                                                                               ^
4 errors

public class swap1 {
    //@ ensures \result ==> (byte x = 5; byte result = (byte) (x + 248); result == -3);
    public static boolean f() {
        byte x = 5;
        byte result = (byte) (x + 248);
        return result == -3;
    }
}
/home/max/Documents/JMLGPT/tmp/swap1.java:2: error: ',', ')', or '[' expected
    //@ ensures \result ==> (byte x = 5; byte result = (byte) (x + 248); result == -3);
                                   ^
/home/max/Documents/JMLGPT/tmp/swap1.java:2: error: illegal start of expression
    //@ ensures \result ==> (byte x = 5; byte result = (byte) (x + 248); result == -3);
                                    ^
/home/max/Documents/JMLGPT/tmp/swap1.java:2: error: Method specs may not precede a variable declaration
    //@ ensures \result ==> (byte x = 5; byte result = (byte) (x + 248); result == -3);
                                              ^
/home/max/Documents/JMLGPT/tmp/swap1.java:2: error: <identifier> expected
    //@ ensures \result ==> (byte x = 5; byte result = (byte) (x + 248); result == -3);
                                                                               ^
4 errors

public class swap1 {
    //@ ensures \result ==> (byte x = 5; byte result = (byte) (x + 248); result == -3);
    public static boolean f() {
        byte x = 5;
        byte result = (byte) (x + 248);
        return result == -3;
    }
}
/home/max/Documents/JMLGPT/tmp/swap1.java:2: error: ',', ')', or '[' expected
    //@ ensures \result ==> (byte x = 5; byte result = (byte) (x + 248); result == -3);
                                   ^
/home/max/Documents/JMLGPT/tmp/swap1.java:2: error: illegal start of expression
    //@ ensures \result ==> (byte x = 5; byte result = (byte) (x + 248); result == -3);
                                    ^
/home/max/Documents/JMLGPT/tmp/swap1.java:2: error: Method specs may not precede a variable declaration
    //@ ensures \result ==> (byte x = 5; byte result = (byte) (x + 248); result == -3);
                                              ^
/home/max/Documents/JMLGPT/tmp/swap1.java:2: error: <identifier> expected
    //@ ensures \result ==> (byte x = 5; byte result = (byte) (x + 248); result == -3);
                                                                               ^
4 errors

public class swap1 {
    //@ ensures \result ==> (byte x = 5; byte result = (byte) (x + 248); result == -3);
    public static boolean f() {
        byte x = 5;
        byte result = (byte) (x + 248);
        return result == -3;
    }
}
/home/max/Documents/JMLGPT/tmp/swap1.java:2: error: ',', ')', or '[' expected
    //@ ensures \result ==> (byte x = 5; byte result = (byte) (x + 248); result == -3);
                                   ^
/home/max/Documents/JMLGPT/tmp/swap1.java:2: error: illegal start of expression
    //@ ensures \result ==> (byte x = 5; byte result = (byte) (x + 248); result == -3);
                                    ^
/home/max/Documents/JMLGPT/tmp/swap1.java:2: error: Method specs may not precede a variable declaration
    //@ ensures \result ==> (byte x = 5; byte result = (byte) (x + 248); result == -3);
                                              ^
/home/max/Documents/JMLGPT/tmp/swap1.java:2: error: <identifier> expected
    //@ ensures \result ==> (byte x = 5; byte result = (byte) (x + 248); result == -3);
                                                                               ^
4 errors

public class swap1 {
    //@ ensures \result ==> (byte x = 5; byte result = (byte) (x + 248); result == -3);
    public static boolean f() {
        byte x = 5;
        byte result = (byte) (x + 248);
        return result == -3;
    }
}
/home/max/Documents/JMLGPT/tmp/swap1.java:2: error: ',', ')', or '[' expected
    //@ ensures \result ==> (byte x = 5; byte result = (byte) (x + 248); result == -3);
                                   ^
/home/max/Documents/JMLGPT/tmp/swap1.java:2: error: illegal start of expression
    //@ ensures \result ==> (byte x = 5; byte result = (byte) (x + 248); result == -3);
                                    ^
/home/max/Documents/JMLGPT/tmp/swap1.java:2: error: Method specs may not precede a variable declaration
    //@ ensures \result ==> (byte x = 5; byte result = (byte) (x + 248); result == -3);
                                              ^
/home/max/Documents/JMLGPT/tmp/swap1.java:2: error: <identifier> expected
    //@ ensures \result ==> (byte x = 5; byte result = (byte) (x + 248); result == -3);
                                                                               ^
4 errors

public class swap1 {
    //@ ensures \result ==> (byte x = 5; byte result = (byte) (x + 248); result == -3);
    public static boolean f() {
        byte x = 5;
        byte result = (byte) (x + 248);
        return result == -3;
    }
}
/home/max/Documents/JMLGPT/tmp/swap1.java:2: error: ',', ')', or '[' expected
    //@ ensures \result ==> (byte x = 5; byte result = (byte) (x + 248); result == -3);
                                   ^
/home/max/Documents/JMLGPT/tmp/swap1.java:2: error: illegal start of expression
    //@ ensures \result ==> (byte x = 5; byte result = (byte) (x + 248); result == -3);
                                    ^
/home/max/Documents/JMLGPT/tmp/swap1.java:2: error: Method specs may not precede a variable declaration
    //@ ensures \result ==> (byte x = 5; byte result = (byte) (x + 248); result == -3);
                                              ^
/home/max/Documents/JMLGPT/tmp/swap1.java:2: error: <identifier> expected
    //@ ensures \result ==> (byte x = 5; byte result = (byte) (x + 248); result == -3);
                                                                               ^
4 errors

public class swap1 {
    //@ ensures \result ==> (byte x = 5; byte result = (byte) (x + 248); result == -3);
    public static boolean f() {
        byte x = 5;
        byte result = (byte) (x + 248);
        return result == -3;
    }
}
/home/max/Documents/JMLGPT/tmp/swap1.java:2: error: ',', ')', or '[' expected
    //@ ensures \result ==> (byte x = 5; byte result = (byte) (x + 248); result == -3);
                                   ^
/home/max/Documents/JMLGPT/tmp/swap1.java:2: error: illegal start of expression
    //@ ensures \result ==> (byte x = 5; byte result = (byte) (x + 248); result == -3);
                                    ^
/home/max/Documents/JMLGPT/tmp/swap1.java:2: error: Method specs may not precede a variable declaration
    //@ ensures \result ==> (byte x = 5; byte result = (byte) (x + 248); result == -3);
                                              ^
/home/max/Documents/JMLGPT/tmp/swap1.java:2: error: <identifier> expected
    //@ ensures \result ==> (byte x = 5; byte result = (byte) (x + 248); result == -3);
                                                                               ^
4 errors

public class swap1 {
    //@ ensures \result ==> (byte x = 5; byte result = (byte) (x + 248); result == -3);
    public static boolean f() {
        byte x = 5;
        byte result = (byte) (x + 248);
        return result == -3;
    }
}
/home/max/Documents/JMLGPT/tmp/swap1.java:2: error: ',', ')', or '[' expected
    //@ ensures \result ==> (byte x = 5; byte result = (byte) (x + 248); result == -3);
                                   ^
/home/max/Documents/JMLGPT/tmp/swap1.java:2: error: illegal start of expression
    //@ ensures \result ==> (byte x = 5; byte result = (byte) (x + 248); result == -3);
                                    ^
/home/max/Documents/JMLGPT/tmp/swap1.java:2: error: Method specs may not precede a variable declaration
    //@ ensures \result ==> (byte x = 5; byte result = (byte) (x + 248); result == -3);
                                              ^
/home/max/Documents/JMLGPT/tmp/swap1.java:2: error: <identifier> expected
    //@ ensures \result ==> (byte x = 5; byte result = (byte) (x + 248); result == -3);
                                                                               ^
4 errors

public class swap1 {
 
    public static boolean f() {
        byte x = 5;
        byte result = (byte) (x + 248);
        return result == -3;
    }
}

/home/max/Documents/JMLGPT/tmp/swap1.java:5: verify: The prover cannot establish an assertion (ArithmeticCastRange) in method f
        byte result = (byte) (x + 248);
                      ^
1 verification failure

